<?xml version="1.0" encoding="UTF-8"?>
<!-- Generated by org.testng.reporters.JUnitReportReporter -->
<testsuite hostname="Vinod-KN" failures="0" tests="1" name="com.jobs.testing.Test1234" time="0.004" errors="0" timestamp="2024-08-25T20:49:01 IST" skipped="0">
  <testcase classname="com.jobs.testing.Test1234" name="verifyTest" time="0.004"/>
</testsuite> <!-- com.jobs.testing.Test1234 -->
